Determining if the pthread_create exist failed with the following output:
Change Dir: /home/robond/Robotics_Udacity_NanoDegree/RoboND-Perception-Exercises/Exercise-3/catkin_ws/build/CMakeFiles/CMakeTmp

Run Build Command:"/usr/bin/make" "cmTC_779a1/fast"
/usr/bin/make -f CMakeFiles/cmTC_779a1.dir/build.make CMakeFiles/cmTC_779a1.dir/build
make[1]: Entering directory '/home/robond/Robotics_Udacity_NanoDegree/RoboND-Perception-Exercises/Exercise-3/catkin_ws/build/CMakeFiles/CMakeTmp'
Building C object CMakeFiles/cmTC_779a1.dir/CheckSymbolExists.c.o
/usr/bin/cc     -o CMakeFiles/cmTC_779a1.dir/CheckSymbolExists.c.o   -c /home/robond/Robotics_Udacity_NanoDegree/RoboND-Perception-Exercises/Exercise-3/catkin_ws/build/CMakeFiles/CMakeTmp/CheckSymbolExists.c
Linking C executable cmTC_779a1
/usr/bin/cmake -E cmake_link_script CMakeFiles/cmTC_779a1.dir/link.txt --verbose=1
/usr/bin/cc       CMakeFiles/cmTC_779a1.dir/CheckSymbolExists.c.o  -o cmTC_779a1 -rdynamic 
CMakeFiles/cmTC_779a1.dir/CheckSymbolExists.c.o: In function `main':
CheckSymbolExists.c:(.text+0x16): undefined reference to `pthread_create'
collect2: error: ld returned 1 exit status
CMakeFiles/cmTC_779a1.dir/build.make:97: recipe for target 'cmTC_779a1' failed
make[1]: *** [cmTC_779a1] Error 1
make[1]: Leaving directory '/home/robond/Robotics_Udacity_NanoDegree/RoboND-Perception-Exercises/Exercise-3/catkin_ws/build/CMakeFiles/CMakeTmp'
Makefile:126: recipe for target 'cmTC_779a1/fast' failed
make: *** [cmTC_779a1/fast] Error 2

File /home/robond/Robotics_Udacity_NanoDegree/RoboND-Perception-Exercises/Exercise-3/catkin_ws/build/CMakeFiles/CMakeTmp/CheckSymbolExists.c:
/* */
#include <pthread.h>

int main(int argc, char** argv)
{
  (void)argv;
#ifndef pthread_create
  return ((int*)(&pthread_create))[argc];
#else
  (void)argc;
  return 0;
#endif
}

Determining if the function pthread_create exists in the pthreads failed with the following output:
Change Dir: /home/robond/Robotics_Udacity_NanoDegree/RoboND-Perception-Exercises/Exercise-3/catkin_ws/build/CMakeFiles/CMakeTmp

Run Build Command:"/usr/bin/make" "cmTC_2cf31/fast"
/usr/bin/make -f CMakeFiles/cmTC_2cf31.dir/build.make CMakeFiles/cmTC_2cf31.dir/build
make[1]: Entering directory '/home/robond/Robotics_Udacity_NanoDegree/RoboND-Perception-Exercises/Exercise-3/catkin_ws/build/CMakeFiles/CMakeTmp'
Building C object CMakeFiles/cmTC_2cf31.dir/CheckFunctionExists.c.o
/usr/bin/cc    -DCHECK_FUNCTION_EXISTS=pthread_create   -o CMakeFiles/cmTC_2cf31.dir/CheckFunctionExists.c.o   -c /usr/share/cmake-3.5/Modules/CheckFunctionExists.c
Linking C executable cmTC_2cf31
/usr/bin/cmake -E cmake_link_script CMakeFiles/cmTC_2cf31.dir/link.txt --verbose=1
/usr/bin/cc   -DCHECK_FUNCTION_EXISTS=pthread_create    CMakeFiles/cmTC_2cf31.dir/CheckFunctionExists.c.o  -o cmTC_2cf31 -rdynamic -lpthreads 
/usr/bin/ld: cannot find -lpthreads
collect2: error: ld returned 1 exit status
CMakeFiles/cmTC_2cf31.dir/build.make:97: recipe for target 'cmTC_2cf31' failed
make[1]: *** [cmTC_2cf31] Error 1
make[1]: Leaving directory '/home/robond/Robotics_Udacity_NanoDegree/RoboND-Perception-Exercises/Exercise-3/catkin_ws/build/CMakeFiles/CMakeTmp'
Makefile:126: recipe for target 'cmTC_2cf31/fast' failed
make: *** [cmTC_2cf31/fast] Error 2


